# JRE version: Java(TM) SE Runtime Environment (15.0+36) (build 15+36-1562)
# Java VM: Java HotSpot(TM) 64-Bit Server VM (15+36-1562, mixed mode, sharing, tiered, compressed oops, g1 gc, windows-amd64)
GC Precious Log:
 CPUs: 4 total, 4 available
 Memory: 12188M
 Large Page Support: Disabled
 NUMA Support: Disabled
 Compressed Oops: Enabled (Zero based)
 Heap Region Size: 2M
 Heap Min Capacity: 8M
 Heap Initial Capacity: 192M
 Heap Max Capacity: 3048M
 Pre-touch: Disabled
 Parallel Workers: 4
 Concurrent Workers: 1
 Concurrent Refinement Workers: 4
 Periodic GC: Disabled
Heap:
 garbage-first heap   total 98304K, used 29051K [0x0000000741800000, 0x0000000800000000)
  region size 2048K, 2 young (4096K), 2 survivors (4096K)
 Metaspace       used 53340K, capacity 53845K, committed 54064K, reserved 1095680K
  class space    used 7052K, capacity 7225K, committed 7296K, reserved 1048576K
GC Heap History (20 events):
Event: 8.834 GC heap after
{Heap after GC invocations=8 (full 0):
 garbage-first heap   total 67584K, used 15838K [0x0000000741800000, 0x0000000800000000)
  region size 2048K, 2 young (4096K), 2 survivors (4096K)
 Metaspace       used 26744K, capacity 27113K, committed 27184K, reserved 1073152K
  class space    used 3571K, capacity 3701K, committed 3712K, reserved 1048576K
}
Event: 9.166 GC heap before
{Heap before GC invocations=8 (full 0):
 garbage-first heap   total 67584K, used 48606K [0x0000000741800000, 0x0000000800000000)
  region size 2048K, 18 young (36864K), 2 survivors (4096K)
 Metaspace       used 27259K, capacity 27701K, committed 27824K, reserved 1073152K
  class space    used 3626K, capacity 3768K, committed 3840K, reserved 1048576K
}
Event: 9.177 GC heap after
{Heap after GC invocations=9 (full 0):
 garbage-first heap   total 67584K, used 15898K [0x0000000741800000, 0x0000000800000000)
  region size 2048K, 2 young (4096K), 2 survivors (4096K)
 Metaspace       used 27259K, capacity 27701K, committed 27824K, reserved 1073152K
  class space    used 3626K, capacity 3768K, committed 3840K, reserved 1048576K
}
Event: 9.336 GC heap before
{Heap before GC invocations=9 (full 0):
 garbage-first heap   total 67584K, used 46618K [0x0000000741800000, 0x0000000800000000)
  region size 2048K, 18 young (36864K), 2 survivors (4096K)
 Metaspace       used 28441K, capacity 28885K, committed 29232K, reserved 1075200K
  class space    used 3730K, capacity 3864K, committed 3968K, reserved 1048576K
}
Event: 9.347 GC heap after
{Heap after GC invocations=10 (full 0):
 garbage-first heap   total 67584K, used 16737K [0x0000000741800000, 0x0000000800000000)
  region size 2048K, 2 young (4096K), 2 survivors (4096K)
 Metaspace       used 28441K, capacity 28885K, committed 29232K, reserved 1075200K
  class space    used 3730K, capacity 3864K, committed 3968K, reserved 1048576K
}
Event: 9.885 GC heap before
{Heap before GC invocations=10 (full 0):
 garbage-first heap   total 67584K, used 47457K [0x0000000741800000, 0x0000000800000000)
  region size 2048K, 18 young (36864K), 2 survivors (4096K)
 Metaspace       used 29549K, capacity 29965K, committed 30128K, reserved 1075200K
  class space    used 3870K, capacity 4031K, committed 4096K, reserved 1048576K
}
Event: 9.894 GC heap after
{Heap after GC invocations=11 (full 0):
 garbage-first heap   total 67584K, used 17103K [0x0000000741800000, 0x0000000800000000)
  region size 2048K, 2 young (4096K), 2 survivors (4096K)
 Metaspace       used 29549K, capacity 29965K, committed 30128K, reserved 1075200K
  class space    used 3870K, capacity 4031K, committed 4096K, reserved 1048576K
}
Event: 10.317 GC heap before
{Heap before GC invocations=11 (full 0):
 garbage-first heap   total 67584K, used 49871K [0x0000000741800000, 0x0000000800000000)
  region size 2048K, 18 young (36864K), 2 survivors (4096K)
 Metaspace       used 30993K, capacity 31382K, committed 31536K, reserved 1077248K
  class space    used 3997K, capacity 4162K, committed 4224K, reserved 1048576K
}
Event: 10.325 GC heap after
{Heap after GC invocations=12 (full 0):
 garbage-first heap   total 67584K, used 17632K [0x0000000741800000, 0x0000000800000000)
  region size 2048K, 2 young (4096K), 2 survivors (4096K)
 Metaspace       used 30993K, capacity 31382K, committed 31536K, reserved 1077248K
  class space    used 3997K, capacity 4162K, committed 4224K, reserved 1048576K
}
Event: 10.866 GC heap before
{Heap before GC invocations=12 (full 0):
 garbage-first heap   total 67584K, used 50400K [0x0000000741800000, 0x0000000800000000)
  region size 2048K, 19 young (38912K), 2 survivors (4096K)
 Metaspace       used 33810K, capacity 34222K, committed 34352K, reserved 1079296K
  class space    used 4494K, capacity 4678K, committed 4736K, reserved 1048576K
}
Event: 10.876 GC heap after
{Heap after GC invocations=13 (full 0):
 garbage-first heap   total 67584K, used 18619K [0x0000000741800000, 0x0000000800000000)
  region size 2048K, 3 young (6144K), 3 survivors (6144K)
 Metaspace       used 33810K, capacity 34222K, committed 34352K, reserved 1079296K
  class space    used 4494K, capacity 4678K, committed 4736K, reserved 1048576K
}
Event: 11.060 GC heap before
{Heap before GC invocations=13 (full 0):
 garbage-first heap   total 67584K, used 28859K [0x0000000741800000, 0x0000000800000000)
  region size 2048K, 10 young (20480K), 3 survivors (6144K)
 Metaspace       used 35302K, capacity 35805K, committed 35920K, reserved 1081344K
  class space    used 4703K, capacity 4843K, committed 4864K, reserved 1048576K
}
Event: 11.072 GC heap after
{Heap after GC invocations=14 (full 0):
 garbage-first heap   total 81920K, used 19136K [0x0000000741800000, 0x0000000800000000)
  region size 2048K, 2 young (4096K), 2 survivors (4096K)
 Metaspace       used 35302K, capacity 35805K, committed 35920K, reserved 1081344K
  class space    used 4703K, capacity 4843K, committed 4864K, reserved 1048576K
}
Event: 11.818 GC heap before
{Heap before GC invocations=15 (full 0):
 garbage-first heap   total 81920K, used 62144K [0x0000000741800000, 0x0000000800000000)
  region size 2048K, 24 young (49152K), 2 survivors (4096K)
 Metaspace       used 40973K, capacity 41468K, committed 41648K, reserved 1085440K
  class space    used 5365K, capacity 5526K, committed 5632K, reserved 1048576K
}
Event: 11.832 GC heap after
{Heap after GC invocations=16 (full 0):
 garbage-first heap   total 81920K, used 22780K [0x0000000741800000, 0x0000000800000000)
  region size 2048K, 3 young (6144K), 3 survivors (6144K)
 Metaspace       used 40973K, capacity 41468K, committed 41648K, reserved 1085440K
  class space    used 5365K, capacity 5526K, committed 5632K, reserved 1048576K
}
Event: 12.355 GC heap before
{Heap before GC invocations=17 (full 0):
 garbage-first heap   total 81920K, used 63740K [0x0000000741800000, 0x0000000800000000)
  region size 2048K, 23 young (47104K), 3 survivors (6144K)
 Metaspace       used 44380K, capacity 44887K, committed 45104K, reserved 1089536K
  class space    used 5751K, capacity 5915K, committed 6016K, reserved 1048576K
}
Event: 12.369 GC heap after
{Heap after GC invocations=18 (full 0):
 garbage-first heap   total 81920K, used 26150K [0x0000000741800000, 0x0000000800000000)
  region size 2048K, 2 young (4096K), 2 survivors (4096K)
 Metaspace       used 44380K, capacity 44887K, committed 45104K, reserved 1089536K
  class space    used 5751K, capacity 5915K, committed 6016K, reserved 1048576K
}
Event: 13.397 GC heap before
{Heap before GC invocations=18 (full 0):
 garbage-first heap   total 81920K, used 63014K [0x0000000741800000, 0x0000000800000000)
  region size 2048K, 20 young (40960K), 2 survivors (4096K)
 Metaspace       used 49080K, capacity 49622K, committed 49840K, reserved 1093632K
  class space    used 6463K, capacity 6633K, committed 6656K, reserved 1048576K
}
Event: 13.407 GC heap after
{Heap after GC invocations=19 (full 0):
 garbage-first heap   total 81920K, used 27892K [0x0000000741800000, 0x0000000800000000)
  region size 2048K, 3 young (6144K), 3 survivors (6144K)
 Metaspace       used 49080K, capacity 49622K, committed 49840K, reserved 1093632K
  class space    used 6463K, capacity 6633K, committed 6656K, reserved 1048576K
}
Event: 18.581 GC heap before
{Heap before GC invocations=19 (full 0):
 garbage-first heap   total 81920K, used 62708K [0x0000000741800000, 0x0000000800000000)
  region size 2048K, 20 young (40960K), 3 survivors (6144K)
 Metaspace       used 53340K, capacity 53845K, committed 54064K, reserved 1095680K
  class space    used 7052K, capacity 7225K, committed 7296K, reserved 1048576K
}

